<?xml version="1.0" encoding="UTF-8"?>
<!-- Generated by org.testng.reporters.JUnitReportReporter -->
<testsuite skipped="0" hostname="Nirmal-PC" name="automationFramework.NewUserRegistrarionTest" tests="3" failures="0" timestamp="26 Apr 2017 13:54:21 GMT" time="91.247" errors="0">
  <testcase name="SignUpwithfieldsempty" time="5.380" classname="automationFramework.NewUserRegistrarionTest"/>
  <testcase name="SignUpwithInvalidPassword" time="45.544" classname="automationFramework.NewUserRegistrarionTest"/>
  <testcase name="SignUpwithInvalidEmail" time="40.323" classname="automationFramework.NewUserRegistrarionTest"/>
</testsuite> <!-- automationFramework.NewUserRegistrarionTest -->
