<?xml version="1.0" encoding="UTF-8"?>
<!-- Generated by org.testng.reporters.JUnitReportReporter -->
<testsuite skipped="0" hostname="Nirmal-PC" name="automationFramework.ForgotPasswordTest" tests="3" failures="0" timestamp="26 Apr 2017 13:54:21 GMT" time="13.307" errors="0">
  <testcase name="ForgotPasswardWorking" time="2.249" classname="automationFramework.ForgotPasswordTest"/>
  <testcase name="ForgotPasswardWithEmptyEmail" time="8.039" classname="automationFramework.ForgotPasswordTest"/>
  <testcase name="ForgotPasswardWithInvalidEmail" time="3.019" classname="automationFramework.ForgotPasswordTest"/>
</testsuite> <!-- automationFramework.ForgotPasswordTest -->
