<?xml version="1.0" encoding="UTF-8"?>
<!-- Generated by org.testng.reporters.JUnitReportReporter -->
<testsuite skipped="0" hostname="Nirmal-PC" name="automationFramework.ExistingUserSignInTest" tests="8" failures="0" timestamp="26 Apr 2017 14:47:20 GMT" time="36.990" errors="0">
  <testcase name="SigninwithInvalidEmailID" time="3.151" classname="automationFramework.ExistingUserSignInTest"/>
  <testcase name="nonExistingUserLogin" time="3.837" classname="automationFramework.ExistingUserSignInTest"/>
  <testcase name="validEmailAndInvalidPassword" time="2.816" classname="automationFramework.ExistingUserSignInTest"/>
  <testcase name="validEmailAndEmptyPassword" time="2.474" classname="automationFramework.ExistingUserSignInTest"/>
  <testcase name="EmptyEmailAndEmptyPassword" time="3.268" classname="automationFramework.ExistingUserSignInTest"/>
  <testcase name="ForgotPasswardWorking" time="5.473" classname="automationFramework.ExistingUserSignInTest"/>
  <testcase name="SignUpLinkWorking" time="7.443" classname="automationFramework.ExistingUserSignInTest"/>
  <testcase name="SigninwithvalidEmailIDandPassword" time="8.528" classname="automationFramework.ExistingUserSignInTest"/>
</testsuite> <!-- automationFramework.ExistingUserSignInTest -->
