<?xml version="1.0" encoding="UTF-8"?>
<!-- Generated by org.testng.reporters.JUnitReportReporter -->
<testsuite skipped="0" hostname="Nirmal-PC" name="automationFramework.ExistingUserSignInTest" tests="8" failures="0" timestamp="27 Apr 2017 05:41:15 GMT" time="33.343" errors="0">
  <testcase name="SigninwithInvalidEmailID" time="3.711" classname="automationFramework.ExistingUserSignInTest"/>
  <testcase name="nonExistingUserLogin" time="2.638" classname="automationFramework.ExistingUserSignInTest"/>
  <testcase name="validEmailAndInvalidPassword" time="2.825" classname="automationFramework.ExistingUserSignInTest"/>
  <testcase name="validEmailAndEmptyPassword" time="2.766" classname="automationFramework.ExistingUserSignInTest"/>
  <testcase name="EmptyEmailAndEmptyPassword" time="2.100" classname="automationFramework.ExistingUserSignInTest"/>
  <testcase name="ForgotPasswardWorking" time="3.240" classname="automationFramework.ExistingUserSignInTest"/>
  <testcase name="SignUpLinkWorking" time="7.041" classname="automationFramework.ExistingUserSignInTest"/>
  <testcase name="SigninwithvalidEmailIDandPassword" time="9.022" classname="automationFramework.ExistingUserSignInTest"/>
</testsuite> <!-- automationFramework.ExistingUserSignInTest -->
