<?xml version="1.0" encoding="UTF-8"?>
<!-- Generated by org.testng.reporters.JUnitReportReporter -->
<testsuite skipped="0" hostname="Nirmal-PC" name="automationFramework.ExistingUserSignInTest" tests="1" failures="0" timestamp="03 May 2017 05:24:39 GMT" time="9.281" errors="0">
  <testcase name="SigninwithvalidEmailIDandPassword" time="9.281" classname="automationFramework.ExistingUserSignInTest"/>
</testsuite> <!-- automationFramework.ExistingUserSignInTest -->
