<?xml version="1.0" encoding="UTF-8"?>
<!-- Generated by org.testng.reporters.JUnitReportReporter -->
<testsuite skipped="0" hostname="Nirmal-PC" name="automationFramework.FeedbackAndInsightsTest" tests="1" failures="0" timestamp="06 May 2017 15:38:29 GMT" time="33.041" errors="0">
  <testcase name="RemoveIDSMember" time="33.041" classname="automationFramework.FeedbackAndInsightsTest"/>
</testsuite> <!-- automationFramework.FeedbackAndInsightsTest -->
