<?xml version="1.0" encoding="UTF-8"?>
<!-- Generated by org.testng.reporters.JUnitReportReporter -->
<testsuite skipped="0" hostname="Nirmal-PC" name="automationFramework.Mail" tests="1" failures="0" timestamp="28 Apr 2017 09:51:15 GMT" time="6.620" errors="0">
  <testcase name="mail" time="6.620" classname="automationFramework.Mail"/>
</testsuite> <!-- automationFramework.Mail -->
