<?xml version="1.0" encoding="UTF-8"?>
<!-- Generated by org.testng.reporters.JUnitReportReporter -->
<testsuite skipped="0" hostname="Nirmal-PC" name="automationFramework.ExistingUserSignInTest" tests="8" failures="0" timestamp="08 May 2017 06:13:45 GMT" time="32.039" errors="0">
  <testcase name="SigninwithInvalidEmailID" time="3.332" classname="automationFramework.ExistingUserSignInTest"/>
  <testcase name="nonExistingUserLogin" time="2.683" classname="automationFramework.ExistingUserSignInTest"/>
  <testcase name="validEmailAndInvalidPassword" time="2.756" classname="automationFramework.ExistingUserSignInTest"/>
  <testcase name="validEmailAndEmptyPassword" time="2.626" classname="automationFramework.ExistingUserSignInTest"/>
  <testcase name="EmptyEmailAndEmptyPassword" time="2.124" classname="automationFramework.ExistingUserSignInTest"/>
  <testcase name="ForgotPasswardWorking" time="3.087" classname="automationFramework.ExistingUserSignInTest"/>
  <testcase name="SignUpLinkWorking" time="7.028" classname="automationFramework.ExistingUserSignInTest"/>
  <testcase name="SigninwithvalidEmailIDandPassword" time="8.403" classname="automationFramework.ExistingUserSignInTest"/>
</testsuite> <!-- automationFramework.ExistingUserSignInTest -->
