<?xml version="1.0" encoding="UTF-8"?>
<!-- Generated by org.testng.reporters.JUnitReportReporter -->
<testsuite skipped="0" hostname="Nirmal-PC" name="automationFramework.NewUserRegistrarionTest" tests="3" failures="0" timestamp="08 May 2017 06:13:45 GMT" time="98.079" errors="0">
  <testcase name="SignUpwithfieldsempty" time="3.796" classname="automationFramework.NewUserRegistrarionTest"/>
  <testcase name="SignUpwithInvalidPassword" time="53.184" classname="automationFramework.NewUserRegistrarionTest"/>
  <testcase name="SignUpwithInvalidEmail" time="41.099" classname="automationFramework.NewUserRegistrarionTest"/>
</testsuite> <!-- automationFramework.NewUserRegistrarionTest -->
