<?xml version="1.0" encoding="UTF-8"?>
<!-- Generated by org.testng.reporters.JUnitReportReporter -->
<testsuite skipped="0" hostname="Nirmal-PC" name="automationFramework.ForgotPasswordTest" tests="3" failures="0" timestamp="08 May 2017 06:13:45 GMT" time="15.343" errors="0">
  <testcase name="ForgotPasswardWorking" time="3.557" classname="automationFramework.ForgotPasswordTest"/>
  <testcase name="ForgotPasswardWithEmptyEmail" time="8.700" classname="automationFramework.ForgotPasswordTest"/>
  <testcase name="ForgotPasswardWithInvalidEmail" time="3.086" classname="automationFramework.ForgotPasswordTest"/>
</testsuite> <!-- automationFramework.ForgotPasswordTest -->
