<?xml version="1.0" encoding="UTF-8"?>
<!-- Generated by org.testng.reporters.JUnitReportReporter -->
<testsuite skipped="0" hostname="Nirmal-PC" name="automationFramework.NewUserRegistrarionTest" tests="3" failures="0" timestamp="27 Apr 2017 05:41:15 GMT" time="100.186" errors="0">
  <testcase name="SignUpwithfieldsempty" time="3.712" classname="automationFramework.NewUserRegistrarionTest"/>
  <testcase name="SignUpwithInvalidPassword" time="45.203" classname="automationFramework.NewUserRegistrarionTest"/>
  <testcase name="SignUpwithInvalidEmail" time="51.271" classname="automationFramework.NewUserRegistrarionTest"/>
</testsuite> <!-- automationFramework.NewUserRegistrarionTest -->
