<?xml version="1.0" encoding="UTF-8"?>
<!-- Generated by org.testng.reporters.JUnitReportReporter -->
<testsuite skipped="0" hostname="Nirmal-PC" name="automationFramework.NewUserRegistrarionTest" tests="3" failures="0" timestamp="26 Apr 2017 14:47:20 GMT" time="89.797" errors="0">
  <testcase name="SignUpwithfieldsempty" time="3.821" classname="automationFramework.NewUserRegistrarionTest"/>
  <testcase name="SignUpwithInvalidPassword" time="42.309" classname="automationFramework.NewUserRegistrarionTest"/>
  <testcase name="SignUpwithInvalidEmail" time="43.667" classname="automationFramework.NewUserRegistrarionTest"/>
</testsuite> <!-- automationFramework.NewUserRegistrarionTest -->
