<?xml version="1.0" encoding="UTF-8"?>
<!-- Generated by org.testng.reporters.JUnitReportReporter -->
<testsuite skipped="0" hostname="Nirmal-PC" name="automationFramework.ForgotPasswordTest" tests="3" failures="0" timestamp="26 Apr 2017 14:47:20 GMT" time="13.448" errors="0">
  <testcase name="ForgotPasswardWorking" time="2.135" classname="automationFramework.ForgotPasswordTest"/>
  <testcase name="ForgotPasswardWithEmptyEmail" time="8.238" classname="automationFramework.ForgotPasswordTest"/>
  <testcase name="ForgotPasswardWithInvalidEmail" time="3.075" classname="automationFramework.ForgotPasswordTest"/>
</testsuite> <!-- automationFramework.ForgotPasswordTest -->
