<?xml version="1.0" encoding="UTF-8"?>
<!-- Generated by org.testng.reporters.JUnitReportReporter -->
<testsuite skipped="0" hostname="Nirmal-PC" name="automationFramework.FeedbackAndInsightsTest" tests="2" failures="0" timestamp="28 Apr 2017 14:11:35 GMT" time="20.525" errors="0">
  <testcase name="ContactNameField" time="10.044" classname="automationFramework.FeedbackAndInsightsTest"/>
  <testcase name="RequiredFieldValidationFeedbackForm" time="10.481" classname="automationFramework.FeedbackAndInsightsTest"/>
</testsuite> <!-- automationFramework.FeedbackAndInsightsTest -->
